Arguments: 
  C:\Program Files\nodejs\node.exe C:\Users\Lenovo\AppData\Roaming\npm\node_modules\yarn\bin\yarn.js dev

PATH: 
  C:\Users\Lenovo\bin;D:\Git\mingw64\bin;D:\Git\usr\local\bin;D:\Git\usr\bin;D:\Git\usr\bin;D:\Git\mingw64\bin;D:\Git\usr\bin;C:\Users\Lenovo\bin;C:\Windows\system32;C:\Windows;C:\Windows\System32\Wbem;C:\Windows\System32\WindowsPowerShell\v1.0;C:\Windows\System32\OpenSSH;D:\Git\cmd;C:\WINDOWS\system32;C:\WINDOWS;C:\WINDOWS\System32\Wbem;C:\WINDOWS\System32\WindowsPowerShell\v1.0;C:\WINDOWS\System32\OpenSSH;D:\微信web开发者工具\dll;C:\Users\Lenovo\AppData\Roaming\nvm;C:\Program Files\nodejs;C:\Users\Lenovo\.console-ninja\.bin;C:\Users\Lenovo\AppData\Local\Microsoft\WindowsApps;C:\Users\Lenovo\AppData\Roaming\npm;D:\Microsoft VS Code\bin;C:\Users\Lenovo\AppData\Roaming\nvm;C:\Program Files\nodejs;D:\Git\usr\bin\vendor_perl;D:\Git\usr\bin\core_perl

Yarn version: 
  1.22.19

Node version: 
  16.15.1

Platform: 
  win32 x64

Trace: 
  SyntaxError: D:\wangliang\project\koa-demo\package.json: Unexpected token / in JSON at position 108
      at JSON.parse (<anonymous>)
      at C:\Users\Lenovo\AppData\Roaming\npm\node_modules\yarn\lib\cli.js:1629:59
      at Generator.next (<anonymous>)
      at step (C:\Users\Lenovo\AppData\Roaming\npm\node_modules\yarn\lib\cli.js:310:30)
      at C:\Users\Lenovo\AppData\Roaming\npm\node_modules\yarn\lib\cli.js:321:13

npm manifest: 
  {
    "name": "koa-demo",
    "version": "1.0.0",
    "description": "",
    "main": "index.js",
    "scripts": {
      // "start": "esno src/index.js"
      "dev": "nodemon --exec babel-node src/index.js"
    },
    "keywords": [],
    "author": "",
    "license": "ISC",
    "dependencies": {
      "@koa/cors": "^5.0.0",
      "@koa/router": "^12.0.1",
      "koa": "^2.15.3",
      "koa-body": "^6.0.1",
      "koa-combine-routers": "^4.0.2",
      "koa-helmet": "^7.0.2",
      "koa-json": "^2.0.2",
      "koa-router": "^12.0.1",
      "koa-static": "^5.0.0"
    },
    "devDependencies": {
      "@babel/core": "^7.24.7",
      "@babel/node": "^7.24.7",
      "@babel/preset-env": "^7.24.7",
      "babel-loader": "^9.1.3",
      "clean-webpack-plugin": "^4.0.0",
      "cross-env": "^7.0.3",
      "esno": "^4.7.0",
      "nodemon": "^3.1.4",
      "webpack": "^5.92.1",
      "webpack-cli": "^5.1.4",
      "webpack-node-externals": "^3.0.0"
    }
  }

yarn manifest: 
  No manifest

Lockfile: 
  No lockfile
